[    0.00000 Initalizing cgroup subsys cpuse
[    0.000000] Initializing cgoup subsys cpu
[  0.000000] Initializing cgroup subsys cpuacct
[    0.000000] Linux version 4.4.0-142-gener (buildd@lgw01-amd64-033) (gcc version 5.4.0 20160609 (Ubuntu 5.4.0-6ubuntu1~16.04.10) ) #168-Ubuntu SMP Wed Jan 6 21:00:45 UTC 2019 (Ubuntu 4.4.0-142.168-generic 4.4.167)
[    0.000000] Command line: BOOT_IMAGE=/boot/vmlinuz-4.4.0-14-geric root=LABEL=cloudimg-rootfs ro console=tty1 console=ttyS0
[    0.000000] KERNEL supported cpus:
[    00000]   Intel GenuineIntel
[  0.000000]   AMD AuthenticAMD
[    0.000000]   Centaur CentaurHauls
[    0.000000] x86/fpu: xstate_offset[2]:  576, xstate_sizes[2]:  256
[    0.000000] x86/fpu: Supporting XSAVE feature 0x01: 'x87 floating point registers'
[    0.000000] x86/fpu: Supporting XSAVE feature 0x02: 'SSE resters'
[    0.000000] x86/fpu: Supporting XSAVE feature 0x04: 'AVX registers'
[    0.000000] x86/fpu: Enabled xstte features 0x7, context size is 832 bytes, using 'standard' format.
[    0.000000] e820: BIOS-provided physical RAM map:
[    0.000000] BIOS-e20: [mem 0x0000000000000000-0x0000000009fbff] usable
[    0.000000] BIOS-e820: [mem 0x000000000009fc00-0x000000000009ffff] reserved
    .000000] BIOS-e820: [mem 0x00000000000f0000-0x00000000000fffff] reserved
[    0.000000] BIOS-e820: [mem 0x0000000000100000-0x00000001ffeffff] usable
[    0.000000] BIOS-e820: [mem 0x000000001fff0000-0x000000001fffffff] ACPI data
[    0.000000] BIOS-e820: [mem 0x00000000fec000-0x00000000fec00fff] reserved
[    0.000000] BIOS-e820: [mem 0x00000000fee00000-0x00000000fee00fff] reserved
[    0.000000] BIOS-e82: [mem 0x00000000fffc0000-0x00000000ffffffff] reserved
[    0.000000] NX (Execute Disable) protection: active
[    0.000000] SMBIOS 2.5 present.
[    0.000000] Hypervisor detected: KVM
[    0.000000] e820: last_pfn = 0x1ff0 x_arch_pfn = 0x400000000
[    0.000000] MTRR: Disabled
[    0.000000] x86/PAT: MTRRs disabled, skipping PATnitialization too.
[    0.000000] CPU MTRRs all blan - virtualized system.
[    0.00000 x86/PAT: Configuration [0-7]: WB  WT  UC- UC  WB  WT  UC- UC 
[    0.000000] found SP MP-table at [mem 0x009fff0-0x0009ffff] mapped at [ffff88000009fff0]
[    0.000000] Scanning 1 areas for low memory corruption
[    0.000000] RAMDISK: [mem 0x1e8ba000-0x1f72cfff]
[    0.00000] ACPI: Early table checksum verification disabled
[    0.000000] ACPI: RSDP 0x00000000000E0000 000024 (v02 VBOX  )
[    0.000000] ACPI: XSDT 0x000000001FFF0030 00003C (v01 VBOX   VBOXXSDT 00000001 ASL  00000061)
[    0.000000] ACPI: FACP 0x000000001FFF00F0 0000F4 (v04 VBOX   VBOXFACP 00000001 ASL  00000061)
[    0.0000] ACPI: DSDT 0x000000001FFF0470 0021FF (v02 VBOX  VBOXBIOS 00000002 INTL 100528)
[    0.000000] ACPI: FACS 0x000000001FFF0200 000040
[    0.000000] ACPI: FACS 000000001FFF0200 000040
[    0.000000]ACPI: APIC 0x0000000FFF0240 0005C (v02 VBOX   VBOXAPIC 00000001 ASL  00000061)
[    0.000000] ACPI: SSDT 0x000000001FFF02A0 0001CC (v01 VBOX   VBOXCPUT 00000002 INTL 20100528)
[    0.000000] No NUMA configuration found
[    0.000000] Faking a node at [mem 0x0000000000000000-0x000000001ffeffff]
[  0.000000] NODE_DATA(0) allocated [mem 0x1ffeb000-0x1ffeffff]
[    0.000000] kvm-clock: Using msrs 4b564d01 and 4b564d00
[    0.000000] kvm-clock: cpu 0, msr 0:1ffe3001, primary cpu clock
[    0.000000] kvm-clock: using sched offset of 4098626357 cycles
[    0.000000] clocksource: kvm-ock: mask: 0xffffffffffffffff max_cycles: 0x1cd42e4dffb, max_idlens: 881590591483 ns
[    0.000000] Zone range
[   0.000000]   DMA      [mem 0x0000000000001000-0x0000000000ffffff]
[    0.000000   DMA32    [mem 0x0000000001000000-0x000000001ffeffff]
[    0.0000]   Normal epty
[    0.000000]   Device   empty
[    0.000000] Movable zonstart for ach node
[    0.00000] Early memory node ranges
[    0.0000]   node   0: [mem 0x0000000000001000-0x000000000009efff]
[    0.000000]   node   0: [mem 0x0000000000100000-0x000000001ffeffff]
[    0.000000] Initmem setup node 0 [mem 0x0000000000001000-0x000000001ffeffff
[    0.000000] ACPI: PM-imer IO Port: 0x4008
[    0.000000] IOAPI0] apic_id 2, version 32, address 0xfec00000, GSI 0-23
[    0.000000] ACPI: INT_SRC_OVR (b 0 bs_irq 0 global_irq 2 dfl dfl)
[    0.000000] ACPI: INT_SRC_OVR (bus 0 bus_irq 9 global_irq 9 low level)
[    0.000000] Usig ACPI (MADT) for SMP configuration information
[    0.000000] smpboot: Allowing CPUs, 0 hotplug CPUs
[    0.000000] PM: Registered nosave memory: [mem 0x00000000-0x00000fff]
[    0.000000] PM: Registered nosave memory: [mem 0x0009f000-0x0009ffff]
[    0.000000] PM: Registered nosave mmory: [mem 0x000a0000-0x000effff]
[    0.000000] PM: Reistered nosave memory: mem 0x000f0000-0x000fffff
[    0.000000] e820: [mem 0x20000000-0xfebfffff] vailable for PCI devices
   0.000000] Booting paravirtualized kernel on KVM
[    0.0000] clocksource: refined-jiffies: mask: 0xffffffff max_cycles: 0xffffffff, max_idle_ns: 7645519600211568 ns
[    0.00000] setup_percpu: NR_CPUS:512 nr_cpumask_bits:512 nr_cpu_ids:2 nr_node_ids:1
[    0.000000] PEPU: Embedded 34 pages/cpu @ffff88001fc00000 s9980 r8192 d31592 u1048576
[  0.000000] Built 1 nelists in Node order, mobility groping on.  Total pages: 128888
[    0.000000] Policy zoneDMA32
[   0.000000] Kerne command line: BO_IMAGE=/boot/vmlinuz4.40-142-geeric root=LAEL=cloudimg-rootfs ro console=tty1 console=ttyS0
[    0.000000] PID hash tae entries: 2048 (order: 2, 16384yts)
[    0.000000] Memory: 481656K/523832K available (8603K kernel code, 1332K rwdata, 4004K rodata, 1484K init, 136K bss42176K reserved, 0K cma-reserved)
[  0.000000] SLUB: HWalign=64, Oder=0-3, MinObjects=0, CPUs=, Nodes=1
[    0.000000] Keel/User page tables isolation: enabled
[    0.000000] Hierarchical RCU implemtaton.
[  0.000000] 	Build-time adjustment of leaf fanout to 64.
[    0.000000] 	RCU restricting CPUs from NR_CPUS=512 to nr_cpu_ids=2.
[    0.000000] RCU: Adjusting geometry for rcu_fanoutleaf=64, nr_cpu_ids=2
[    0.000000] NR_IRQS:33024 nr_irqs:440 16
[  0.000000] Console: colour VGA+ 80x25
[   0.000000] console [tty1] enabled
[    0.000000] console [ttyS0] enabled
[    0.000000] tsc: Detected 2592.000 MHz processor
[    2.727112] Calibrating delay loop (skipped) preset value.. 5184.00 BogoMIPS (lpj=10368000)
[    2.729570]pid_max: default: 32768 minimum: 301
[    2.745491] ACPI: Core revision 20150930
[    2.747992] ACPI: 2 ACPI AML tables successfully acquired and loaded
[    2.750027] Securiy Framework initialized
[    2.778207] Yama: becoming mindful.
[    2.779089] AppArmor: AppArmor initialized
[    2.783178] Dentry cache hash table entries: 65536 (order: 7, 524288 bytes)
[    2.787554] Inode-cache hash table entries: 32768 (order: 6, 262144 bytes)
[    2.802054] Mount-cache hash table entries: 1024 (order: 1, 8192 bytes)
[    2.803644] Mountpoint-cache hash table entries: 1024 (order: 1, 8192 bytes)
[    2.812035] Initializing cgroup subsys io
[    2.819822] Initializing cgroup subsys memory
[    2.821181] Initializing cgroup subsys devices
[    2.831376] Initializing cgroup subsys freezer
[    2.840484] Initializing cgroup subsys net_cls
[    2.848221] Initializing cgroup subsys perf_event
[    2.855940] Initializing cgroup subsys net_prio
[    2.856936] Initializing cgroup subsys hugetlb
[    2.859581] Initializing cgroup subsys pids
[    2.868108] mce: CPU supports 0 MCE banks
[    2.869117] Last level iTLB entries: 4KB 64, 2MB 8, 4MB 8
[    2.870350] Last level dTLB entries: 4KB 64, 2MB 0, 4MB 0, 1GB 4
[    2.885504] Spectre V2 : Mitigation: Full generic retpoline
[    2.893958] Spectre V2 : Spectre v2 / SpectreRSB mitigation: Filling RSB on context switch
[    2.902885] Speculative Store Bypass: Vulnerable
[    2.909742] Freeing SMP alternatives memory: 32K
[    2.917365] ftrace: allocating 32277 entries in 127 pages
[    2.998385] smpboot: APIC(0) Converting physical 0 to logical package 0
[    3.006297] smpboot: Max logical packages: 1
[    3.007732] x2apic enabled
[    3.018133] Switched APIC routing to physical x2apic.
[    3.024183] ..TIMER: vector=0x30 apic1=0 pin1=2 apic2=-1 pin2=-1
[    3.150651] smpboot: CPU0: Intel(R) Core(TM) i7-6500U CPU @ 2.50GHz (family: 0x6, model: 0x4e, stepping: 0x3)
[    3.173322] Performance Events: unsupported p6 CPU model 78 no PMU driver, software events only.
[    3.195018] KVM setup paravirtual spinlock
[    3.207164] x86: Booting SMP configuration:
[    3.208597] .... node  #0, CPUs:      #1
[    3.209804] kvm-clock: cpu 1, msr 0:1ffe3041, secondary cpu clock
[    3.213341] mce: CPU supports 0 MCE banks
[    3.232805] x86: Booted up 1 node, 2 CPUs
[    3.243609] smpboot: Total of 2 processors activated (10368.00 BogoMIPS)
[    3.248857] devtmpfs: initialized
[    3.252351] evm: security.selinux
[    3.261944] evm: security.SMACK64
[    3.262885] evm: security.SMACK64EXEC
[    3.263997] evm: security.SMACK64TRANSMUTE
[    3.266379] evm: security.SMACK64MMAP
[    3.279912] evm: security.ima
[    3.280965] evm: security.capability
[    3.297656] clocksource: jiffies: mask: 0xffffffff max_cycles: 0xffffffff, max_idle_ns: 7645041785100000 ns
[    3.301850] futex hash table entries: 512 (order: 3, 32768 bytes)
[    3.312338] pinctrl core: initialized pinctrl subsystem
[    3.320620] RTC time: 15:19:14, date: 03/15/19
[    3.330164] NET: Registered protocol family 16
[    3.343986] cpuidle: using governor ladder
[    3.354919] cpuidle: using governor menu
[    3.359336] PCCT header not found.
[    3.360414] ACPI: bus type PCI registered
[    3.363265] acpiphp: ACPI Hot Plug PCI Controller Driver version: 0.5
[    3.371939] PCI: Using configuration type 1 for base access
[    3.389114] ACPI: Added _OSI(Module Device)
[    3.396172] ACPI: Added _OSI(Processor Device)
[    3.399059] ACPI: Added _OSI(3.0 _SCP Extensions)
[    3.400583] ACPI: Added _OSI(Processor Aggregator Device)
[    3.404862] ACPI: Executed 1 blocks of module-level executable AML code
[    3.421440] ACPI: Interpreter enabled
[    3.436307] ACPI: (supports S0 S5)
[    3.443042] ACPI: Using IOAPIC for interrupt routing
[    3.461918] PCI: Using host bridge windows from ACPI; if necessary, use "pci=nocrs" and report a bug
[    3.491141] ACPI: PCI Root Bridge [PCI0] (domain 0000 [bus 00-ff])
[    3.492617] acpi PNP0A03:00: _OSC: OS supports [ASPM ClockPM Segments MSI]
[    3.502303] acpi PNP0A03:00: _OSC: not requesting OS control; OS requires [ExtendedConfig ASPM ClockPM MSI]
[    3.531915] acpi PNP0A03:00: fail to add MMCONFIG information, can't access extended PCI configuration space under this bridge.
[    3.546178] PCI host bridge to bus 0000:00
[    3.547350] pci_bus 0000:00: root bus resource [io  0x0000-0x0cf7 window]
[    3.566832] pci_bus 0000:00: root bus resource [io  0x0d00-0xffff window]
[    3.587568] pci_bus 0000:00: root bus resource [mem 0x000a0000-0x000bffff window]
[    3.596424] pci_bus 0000:00: root bus resource [mem 0x20000000-0xfdffffff window]
[    3.598628] pci_bus 0000:00: root bus resource [bus 00-ff]
[    3.609558] pci 0000:00:01.1: legacy IDE quirk: reg 0x10: [io  0x01f0-0x01f7]
[    3.624392] pci 0000:00:01.1: legacy IDE quirk: reg 0x14: [io  0x03f6]
[    3.626068] pci 0000:00:01.1: legacy IDE quirk: reg 0x18: [io  0x0170-0x0177]
[    3.627703] pci 0000:00:01.1: legacy IDE quirk: reg 0x1c: [io  0x0376]
[    3.654238] pci 0000:00:07.0: quirk: [io  0x4000-0x403f] claimed by PIIX4 ACPI
[    3.657452] pci 0000:00:07.0: quirk: [io  0x4100-0x410f] claimed by PIIX4 SMB
[    3.678950] ACPI: PCI Interrupt Link [LNKA] (IRQs 5 9 10 *11)
[    3.704453] ACPI: PCI Interrupt Link [LNKB] (IRQs 5 9 *10 11)
[    3.712391] ACPI: PCI Interrupt Link [LNKC] (IRQs 5 *9 10 11)
[    3.714546] ACPI: PCI Interrupt Link [LNKD] (IRQs 5 9 10 *11)
[    3.729762] ACPI: Enabled 2 GPEs in block 00 to 07
[    3.731456] vgaarb: setting as boot device: PCI:0000:00:02.0
[    3.741249] vgaarb: device added: PCI:0000:00:02.0,decodes=io+mem,owns=io+mem,locks=none
[    3.749913] vgaarb: loaded
[    3.750689] vgaarb: bridge control possible 0000:00:02.0
[    3.752308] SCSI subsystem initialized
[    3.755389] ACPI: bus type USB registered
[    3.756619] usbcore: registered new interface driver usbfs
[    3.758300] usbcore: registered new interface driver hub
[    3.759736] usbcore: registered new device driver usb
[    3.761269] PCI: Using ACPI for IRQ routing
[    3.762835] NetLabel: Initializing
[    3.763761] NetLabel:  domain hash size = 128
[    3.764916] NetLabel:  protocols = UNLABELED CIPSOv4
[    3.766386] NetLabel:  unlabeled traffic allowed by default
[    3.767918] amd_nb: Cannot enumerate AMD northbridges
[    3.769199] clocksource: Switched to clocksource kvm-clock
[    3.794329] AppArmor: AppArmor Filesystem Enabled
[    3.795701] pnp: PnP ACPI init
[    3.797550] pnp: PnP ACPI: found 3 deices

[    3.840613]clocksource: acpi_pm: mask: 0xffffff max_cycles: 0xffffff, max_idle_ns: 20857010 ns
[    3.9873] NET: Registered protocol family 2

[    4.004049] TCP established hash table entries: 40 (order: 3, 32768 bytes
[    4.11390 T bin hh tle entries: 4096 (order: 4,5536 bytes)
[   4426] TCP: Hash tables configured (etablished 96bind 4096)
[  4692536] UDP sh table entries: 256 (order: 1, 8192 bytes)
[    827751] UDP-Lite hash table entries: 6 (order: 1, 8192 bytes)
[    4.948934] NET: Registered protocol fami 1
[    5.002776] pci 0000:00:00.0: Limiting direct PCI/PCI transfers
[    5.004231] pci 0000:00:01.0: Activting ISA DMA hang workarounds
[    5.032923] Unpaking initramfs...

[    5.359617] Freeing initrd memory: 14796K
[    5.366447] platform rtc_cmos: registered platform RTC device (no PNP device found)
[    5.374947] Scanning for low memory corruption every 60 seconds
[    5.384058] audit: initializing netlink subsys (disabled)
[    5.393835] audit: type=2000 audit(1552663158.951:1): initialized
[    5.432905] Initialise system trusted keyring
[    5.436612] HugeTLB registered 2 MB page size, pre-allocated 0 pages
[    5.448718] zbud: loaded
[    5.450041] VFS: Disk quotas dquot_6.6.0
[    5.451337] VFS: Dquot-cache hash table entries: 512 (order 0, 4096 bytes)
[    5.453606] squashfs: version 4.0 (2009/01/31) Phillip Lougher
[    5.455643] fuse init (API version 7.23)
[    5.470868] Key type big_key registered
[    5.499828] Allocating IMA MOK and blacklist keyrings.
[    5.525511] Key type asymmetric registered
[    5.541737] Asymmetric key parser 'x509' registered
[    5.550169] Block layer SCSI generic (bsg) driver version 0.4 loaded (major 249)
[    5.596901] io scheduler noop registered
[    5.647142] io scheduler deadline registered (default)
[    5.648416] io scheduler cfq registered
[    5.663938] pci_hotplug: PCI Hot Plug PCI Core version: 0.5
[    5.674437] pciehp: PCI Express Hot Plug Controller Driver version: 0.4
[    5.679612] ACPI: AC Adapter [AC] (on-line)
[    5.698554] input: Power Button as /devices/LNXSYSTM:00/LNXPWRBN:00/input/input0
[    5.745593] ACPI: Power Button [PWRF]
[    5.753635] input: Sleep Button as /devices/LNXSYSTM:00/LNXSLPBN:00/input/input1
[    5.787074] ACPI: Sleep Button [SLPF]
[    5.805280] ACPI: Battery Slot [BAT0] (battery present)
[    5.816036] GHES: HEST is not enabled!
[    5.837633] Serial: 8250/16550 driver, 32 ports, IRQ sharing enabled
[    5.907910] 00:02: ttyS0 at I/O 0x3f8 (irq = 4, base_baud = 115200) is a 16550A
[    5.933785] Linux agpgart interface v0.103
[    5.956021] loop: module loaded
[    5.957716] scsi host0: ata_piix
[    5.974757] scsi host1: ata_piix
[    5.975810] ata1: PATA max UDMA/33 cmd 0x1f0 ctl 0x3f6 bmdma 0xd000 irq 14
[    5.977549] ata2: PATA max UDMA/33 cmd 0x170 ctl 0x376 bmdma 0xd008 irq 15
[    5.988437] libphy: Fixed MDIO Bus: probed
[    5.998495] tun: Universal TUN/TAP device driver, 1.6
[    6.013853] tun: (C) 1999-2004 Max Krasnyansky <maxk@qualcomm.com>
[    6.023709] PPP generic driver version 2.4.2
[    6.032874] ehci_hcd: USB 2.0 'Enhanced' Host Controller (EHCI) Driver
[    6.044251] ehci-pci: EHCI PCI platform driver
[    6.052185] ehci-platform: EHCI generic platform driver
[    6.062352] ohci_hcd: USB 1.1 'Open' Host Controller (OHCI) Driver
[    6.063838] ohci-pci: OHCI PCI platform driver
[    6.071646] ohci-platform: OHCI generic platform driver
[    6.074575] uhci_hcd: USB Universal Host Controller Interface driver
[    6.079097] i8042: PNP: PS/2 Controller [PNP0303:PS2K,PNP0f03:PS2M] at 0x60,0x64 irq 1,12
[    6.087508] serio: i8042 KBD port at 0x60,0x64 irq 1
[    6.090805] serio: i8042 AUX port at 0x60,0x64 irq 12
[    6.092207] mousedev: PS/2 mouse device common for all mice
[    6.094252] input: AT Translated Set 2 keyboard as /devices/platform/i8042/serio0/input/input2
[    6.101821] rtc_cmos rtc_cmos: rtc core: registered rtc_cmos as rtc0
[    6.106204] rtc_cmos rtc_cmos: alarms up to one day, 114 bytes nvram
[    6.119054] i2c /dev entries driver
[    6.120230] device-mapper: uevent: version 1.0.3
[    6.121548] device-mapper: ioctl: 4.34.0-ioctl (2015-10-28) initialised: dm-devel@redhat.com
[    6.135896] ledtrig-cpu: registered to indicate activity on CPUs
[    6.146334] NET: Registered protocol family 10
[    6.149754] NET: Registered protocol family 17
[    6.152535] Key type dns_resolver registered
[    6.155688] registered taskstats version 1
[    6.156828] Loading compiled-in X.509 certificates
[    6.158759] Loaded X.509 cert 'Build time autogenerated kernel key: bff73e56bc0efa7435b2a24f5427674623f1be80'
[    6.172131] zswap: loaded using pool lzo/zbud
[    6.196533] Key type trusted registered
[    6.207835] Key type encrypted registered
[    6.216416] AppArmor: AppArmor sha1 policy hashing enabled
[    6.219343] ima: No TPM chip found, activating TPM-bypass!
[    6.246458] ima: Allocated hash algorithm: sha1
[    6.257088] evm: HMAC attrs: 0x1
[    6.266377]   Magic number: 11:968:335
[    6.275837] tty tty56: hash matches
[    6.276980] rtc_cmos rtc_cmos: setting system clock to 2019-03-15 15:19:17 UTC (1552663157)
[    6.286886] BIOS EDD facility v0.16 2004-Jun-25, 0 devices found
[    6.313977] EDD information not available.
[    6.318236] Freeing unused kernel memory: 1484K
[    6.341210] Write protecting the kernel read-only data: 14336k
[    6.344505] Freeing unused kernel memory: 1624K
[    6.353837] Freeing unused kernel memory: 92K
[    6.365325] tsc: Refined TSC clocksource calibration: 2590.575 MHz
Loading, please wait...
[    6.400671] clocksource: tsc: mask: 0xffffffffffffffff max_cycles: 0x255774aee22, max_idle_ns: 440795301337 ns
starting version 229
[    6.447955] random: systemd-udevd: uninitialized urandom read (16 bytes read, 3 bits of entropy available)
[    6.448575] random: udevadm: uninitialized urandom read (16 bytes read, 3 bits of entropy available)
[    6.448598] random: udevadm: uninitialized urandom read (16 bytes read, 3 bits of entropy available)
[    6.460040] random: udevadm: uninitialized urandom read (16 bytes read, 3 bits of entropy available)
[    6.460090] random: udevadm: uninitialized urandom read (16 bytes read, 3 bits of entropy available)
[    6.460242] random: udevadm: uninitialized urandom read (16 bytes read, 3 bits of entropy available)
[    6.460300] random: udevadm: uninitialized urandom read (16 bytes read, 3 bits of entropy available)
[    6.460353] random: udevadm: uninitialized urandom read (16 bytes read, 3 bits of entropy available)
[    6.460407] random: udevadm: uninitialized urandom read (16 bytes read, 3 bits of entropy available)
[    6.460457] random: udevadm: uninitialized urandom read (16 bytes read, 3 bits of entropy available)
[    6.607344] e1000: Intel(R) PRO/1000 Network Driver - version 7.3.21-k8-NAPI
[    6.629420] e1000: Copyright (c) 1999-2006 Intel Corporation.
[    6.643626] Fusion MPT base driver 3.04.20
[    6.663869] Copyright (c) 1999-2008 LSI Corporation
[    6.692109] Fusion MPT SPI Host driver 3.04.20
[    6.708937] AVX2 version of gcm_enc/dec engaged.
[    6.728563] AES CTR mode by8 optimization enabled
[    6.889222] input: ImExPS/2 Generic Explorer Mouse as /devices/platform/i8042/serio1/input/input4
[    7.079741] e1000 0000:00:03.0 eth0: (PCI:33MHz:32-bit) 02:a9:46:80:4d:77
[    7.081398] e1000 0000:00:03.0 eth0: Intel(R) PRO/1000 Network Connection
[    7.502619] e1000 0000:00:08.0 eth1: (PCI:33MHz:32-bit) 08:00:27:ae:01:93
[    7.508170] e1000 0000:00:08.0 eth1: Intel(R) PRO/1000 Network Connection
[    7.510206] mptbase: ioc0: Initiating bringup
[    7.510655] e1000 0000:00:08.0 enp0s8: renamed from eth1
[    7.539147] e1000 0000:00:03.0 enp0s3: renamed from eth0
[    7.609312] ioc0: LSI53C1030 A0: Capabilities={Initiator}
[    8.402538] scsi host2: ioc0: LSI53C1030 A0, FwRev=00000000h, Ports=1, MaxQ=256, IRQ=20
[    9.078507] scsi 2:0:0:0: Direct-Access     VBOX     HARDDISK         1.0  PQ: 0 ANSI: 5
[    9.108705] scsi target2:0:0: Beginning Domain Validation
[    9.140987] scsi target2:0:0: Domain Validation skipping write tests
[    9.170846] scsi target2:0:0: Ending Domain Validation
[    9.186061] scsi target2:0:0: asynchronous
[    9.217023] scsi 2:0:1:0: Direct-Access     VBOX     HARDDISK         1.0  PQ: 0 ANSI: 5
[    9.245733] scsi target2:0:1: Beginning Domain Validation
[    9.249312] scsi target2:0:1: Domain Validation skipping write tests
[    9.302735] scsi target2:0:1: Ending Domain Validation
[    9.304136] scsi target2:0:1: asynchronous
[    9.313343] sd 2:0:0:0: Attached scsi generic sg0 type 0
[    9.313538] sd 2:0:0:0: [sda] 20971520 512-byte logical blocks: (10.7 GB/10.0 GiB)
[    9.313814] sd 2:0:0:0: [sda] Write Protect is off
[    9.313911] sd 2:0:0:0: [sda] Incomplete mode parameter data
[    9.313912] sd 2:0:0:0: [sda] Assuming drive cache: write through
[    9.334820]  sda: sda1
[    9.335395] sd 2:0:0:0: [sda] Attached SCSI disk
[    9.382407] sd 2:0:1:0: [sdb] 20480 512-byte logical blocks: (10.5 MB/10.0 MiB)
[    9.387756] sd 2:0:1:0: Attached scsi generic sg1 type 0
[    9.389392] sd 2:0:1:0: [sdb] Write Protect is off
[    9.390996] sd 2:0:1:0: [sdb] Incomplete mode parameter data
[    9.392467] sd 2:0:1:0: [sdb] Assuming drive cache: write through
[    9.396935] sd 2:0:1:0: [sdb] Attached SCSI disk
Begin: Loading essential drivers ... [   10.785012] md: linear personality registered for level -1
[   10.802216] md: multipath personality registered for level -4
[   10.813880] md: raid0 personality registered for level 0
[   10.826194] md: raid1 personality registered for level 1
[   10.913687] raid6: sse2x1   gen()  7930 MB/s
[   10.993202] raid6: sse2x1   xor()  5936 MB/s
[   11.073691] raid6: sse2x2   gen()  9831 MB/s
[   11.141366] raid6: sse2x2   xor()  6640 MB/s
[   11.213869] raid6: sse2x4   gen() 11166 MB/s
[   11.281669] raid6: sse2x4   xor()  7889 MB/s
[   11.349378] raid6: avx2x1   gen() 15731 MB/s
[   11.418089] raid6: avx2x2   gen() 18640 MB/s
[   11.489488] raid6: avx2x4   gen() 20164 MB/s
[   11.490670] raid6: using algorithm avx2x4 gen() 20164 MB/s
[   11.498354] raid6: using avx2x2 recovery algorithm
[   11.514348] xor: automatically using best checksumming function:
[   11.553309]    avx       : 18464.000 MB/sec
[   11.556120] async_tx: api initialized (async)
[   11.591120] md: raid6 personality registered for level 6
[   11.598971] md: raid5 personality registered for level 5
[   11.606671] md: raid4 personality registered for level 4
[   11.621043] md: raid10 personality registered for level 10
done.
Begin: Running /scripts/init-premount ... done.
Begin: Mounting root file system ... Begin: Running /scripts/local-top ... done.
Begin: Running /scripts/local-premount ... [   11.664093] Btrfs loaded
Scanning for Btrfs filesystems
done.
Warning: fsck not present, so skipping root file[   11.706890] EXT4-fs (sda1): mounted filesystem with ordered data mode. Opts: (null)
 system
done.
Begin: Running /scripts/local-bottom ... done.
Begin: Running /scripts/init-bottom ... done.
[   11.841146] systemd[1]: systemd 229 running in system mode. (+PAM +AUDIT +SELINUX+IMA +APPARMOR +SMACK +SYSVINIT +UMP +LIBCRYPTSETUP +GCRYPT +GNUTLS +ACL XZ LZ4 +SECCOMP +BLKID +ELFUTILS +KMOD -IDN)

[   11.975216] systemd[1]: Detected virtualization oracle.
[   11.978122] sysmd[1]: Detected architecture x86-64.

Welcome to [1mUbuntu 16.04.5 LTS[0m!

[   12.033139] systemd[1]: Set hostname to <ubuntu>.
[   12.036680] systemd[1]: Initialzin machine ID from random generator.
[   12.093886] systemd[1]: stalledransient tcacne-id file.

[  1.50317]systemd[1]: Se up automont Arbitrary Executable File Formats File System Automount Point.
[[0;32m  OK  [0m] Set up automount Arbitrary Executab...ats File System Automount Point.
[   12.707232] systemd[1]: Reached target User and roup Name Lookups.
[[0;32m  OK  [0m] Reached target User and Group Name Lookups.
[   12.735990] systemd[1]: Listening on LVM2 metadata daemon socket.
[[0;32m  OK  [0m] Listening on LVM2 metadata daemon socket.
[   12.892958] systemd[1]: Listening on udev Kernel Socket.
[[0;32m  OK  [0m] Listening on udev Kernel Socket.
[   12.896087] systemd[1]: Listening on Journal Socket.
[[0;32m  OK  [0m] Listening on Journal Socket.
[   13.086299] systemd[1]:tart Foardassword Request t Wll Directory Watch.
[[0;32m  OK  [0m] Started Forward Password Requests to Wall Directory Watch.
[   13.429739] systemd[1]: Created slice System Slie.
[[0;32m  OK  [0m] Created slice System Slice.
[   13.902168] systemd[1]: Starting Remount Root and Kernel File Systems...
         [   13.919886] EXT4-fs (sda1): re-mounted. Opts: (null)
Starting Remount Root and Kernel File Systems...
[   13.986378] systemd[1]: Starting Nameserver information manager...
         Starting Nameserver information manager...
[   14.025967] systemd[1]: Starting Set console keymap...
         Starting Set console keymap...
[   14.049573] systemd[1]: Listening on /dev/initctl Compatibility Named Pipe.
[[0;32m  OK  [0m] Listening on /dev/initctl Compatibility Named Pipe.
[   14.065428] systemd[1]: Listening on LVM2 poll daemon socket.
[[0;32m  OK  [0m] Listening on LVM2 poll daemon socket.
[   14.104197] systemd[1]: Created slice system-serial\x2dgetty.slice.
[[0;32m  OK  [0m] Created slice system-serial\x2dgetty.slice.
[   14.113669] systemd[1]: Listening on Device-mapper event daemon FIFOs.
[[0;32m  OK  [0m] Listening on Device-mapper event daemon FIFOs.
[   14.169539] systemd[1]: Starting Monitoring of LVM2 mirrors, snapshots etc. using dmeventd or progress polling...
[   14.221882] random: nonblocking pool is initialized
         Starting Monitoring of LVM2 mirrors... dmeventd or progress polling...
[   14.269057] systemd[1]: Created slice User and Session Slice.
[[0;32m  OK  [0m] Created slice User and Session Slice.
[   14.293530] systemd[1]: Reached target Slices.
[[0;32m  OK  [0m] Reached target Slices.
[   14.296530]systd[1]: Listening on udev Control Socket.

[[0;32m  OK  [0m] Listening on udev Control Socket.
[   14.390659] systemd[1]: Reached target System Time Synchronized.
[[0;32m  OK  [0m] Reached target System Time Synchronized.
[   14.441467] systemd[1]: Mounting POSIX Message Queue File System...
         Mounting POSIX Message Queue File System...
[   14.492470] systemd[1]: Listening on Syslog Socket.
[[0;32m  OK  [0m] Listening on Syslog Socket.
[   14.496758] systemd[1]: Mounting Debug File System...
         Mounting Debug File System...
[   14.534207] systemd[1]: Reached target Encrypted Volues.
[[0;32m  OK  [0m] Reached target Encrypted Volumes.
[   14.864290] systemd[1]: Listening on Journal Socket (/dev/log).
[[0;32m  OK  [0m] Listening on Journal Socket (/dev/log).
[   14.892438] systemd[1]Reached target Swa.

[[0;32m  OK  [0m] Reached target Swap.
[   15.013617] systemd[1]: Mounting Huge Pages File System...
         Mounting Huge Pages File System...
[   15.073740] systemd[1]: Started Trigger resolvconf update for networkd DNS.
[[0;32m  OK  [0m] Started Trigger resolvconf update for networkd DNS.
[   15.153558] systemd[1]: Starting Create list of required static device nodes for the current kernel...
         Starting Create list of required st... nodes for the current kernel...
[   15.213145]ysemd1]:isteing on Journal Audit Socket.
[[0;32m  OK  [0m] Listening on Journal Audit Socket.
[   15.469962] systemd[1]: Starting Journal Service...
         Starting Journal Service...
[   15.481040] systemd[1]: Starting Uncomplicated firewall...
         Starting Uncomplicated firewall...
[   15.496473] systemd[1]: Starting Load Kernel Modules...
         Starting Load Kernel Modules...
[   15.501722] systemd[1]: Mounted Huge Pages File System.
[[0;32m  OK  [0m] Mounted Huge [   15.530783] Loading iSCSI transport class v2.0-870.
Pages File System.
[   15.563042] systemd[1]: Mounted Debug File System.
[[0;32m  OK  [0m] Mounted Debug File System.
[   15.567236] systemd[1]: Mounted POSIX Message Queue File System.
[[0;32m  OK  [0m] Mounted POSIX Me[   15.578607] iscsi: registered transport (tcp)
ssage Queue File System.
[   15.623448] systemd[1]: Started Journal Service.
[[0;32m  OK  [0m] Started Journal Service.
[[0;32m  OK  [0m] Started Remou[   15.657713] iscsi: registered transport (iser)
nt Root and Kernel File Systems.
[[0;32m  OK  [0m] Started Set console keymap.
[[0;32m  OK  [0m] Started Create list of required sta...ce nodes for the current kernel.
[[0;32m  OK  [0m] Started Uncomplicated firewall.
[[0;32m  OK  [0m] Started Load Kernel Modules.
[[0;32m  OK  [0m] Started Nameserver information manager.
[[0;32m  OK  [0m] Started LVM2 metadata daemon.
         Starting Apply Kernel Variables...
         Mounting FUSE Control File System...
         Starting Create Static Device Nodes in /dev...
         Starting udev Coldplug all Devices...
         Starting Load/Save Random Seed...
         Starting Flush Journal to Persistent Storage...
[[0;32m  OK  [0m] Mounted FUSE Control File System.
[[0;32m  OK  [0m] Started Apply Kernel Variables.
[[0;32m  OK  [0m] Started Create Static Device Nodes in /dev.
[[0;32m  OK  [0m] Started Load/Save Random Seed.
[[0;32m  OK  [0m] Started udev Coldplug all Devices.
[[0;32m  OK  [0m] Started Flush Journal to Persistent Storage.
         Starting udev Kernel Device Manager...
[[0;32m  OK  [0m] Started Monitoring of LVM2 mirrors,...ng dmeventd or progress polling.
[[0;32m  OK  [0m] Reached target Local File Systems (Pre).
[[0;32m  OK  [0m] Reached target Local File Systems.
         Starting Tell Plymouth To Write Out Runtime Data...
         Starting Create Volatile Files and Directories...
         Starting LSB: AppArmor initialization...
         Starting Initial cloud-init job (pre-networking)...
         Starting Set console font and keymap...
         Starting Commit a transient machine-id on disk...
[[0;32m  OK  [0m] Started udev Kernel Device Manager.
[[0;32m  OK  [0m] Started Tell Plymouth To Write Out Runtime Data.
[[0;32m  OK  [0m] Started Create Volatile Files and Directories.
[[0;32m  OK  [0m] Started Commit a transient machine-id on disk.
[[0;32m  OK  [0m] Found device /dev/ttyS0.
         Starting Update UTMP about System Boot/Shutdown...
[[0;32m  OK  [0m] Started Dispatch Password Requests to Console Directory Watch.
[[0;32m  OK  [0m] Started Update UTMP about System Boot/Shutdown.
[[0;32m  OK  [0m] Listening on Load/Save RF Kill Switch Status /dev/rfkill Watch.
[   14.629860] cloud-init[483]: Cloud-init v. 18.4-0ubuntu1~16.04.2 running 'init-local' at Fri, 15 Mar 2019 15:19:28 +0000. Up 14.11 seconds.
[[0;32m  OK  [0m] Started LSB: AppArmor initialization.
[[0;32m  OK  [0m] Started Initial cloud-init job (pre-networking).
[[0;32m  OK  [0m] Reached target Network (Pre).
         Starting Raise network interfaces...
[[0;32m  OK  [0m] Started Set console font and keymap.
[[0;32m  OK  [0m] Created slice system-getty.slice.
[[0;32m  OK  [0m] Started Raise network interfaces.
[[0;32m  OK  [0m] Reached target Network.
         Starting Initial cloud-init job (metadata service crawler)...
[   15.895035] cloud-init[943]: Cloud-init v. 18.4-0ubuntu1~16.04.2 running 'init' at Fri, 15 Mar 2019 15:19:29 +0000. Up 15.34 seconds.
[   15.964698] [cloud-init[0;32m  OK  [0m[943]: ] ci-info: ++++++++++++++++++++++++++++++++++++++Net device info+++++++++++++++++++++++++++++++++++++++Started Initial cloud-init job (metadata service crawler).

[   16.100866] [[0;32m  OK  [0m] Reached target Network is Online.
cloud-init[943]: ci-info: +--------+-------+----------------------------+---------------+--------+-------------------+
[   16.138974]          Starting iSCSI initiator daemon (iscsid)...
cloud-init[[0;32m  OK  [0m] Reached target Cloud-config availability.
[943]: ci-info: | Device |   Up  |          Address           |      Mask     | Scope  |     Hw-Address    |
[   16.185502] [cloud-init[0;32m  OK  [0m[943]: ] ci-info: +--------+-------+----------------------------+---------------+--------+-------------------+Reached target System Initialization.

[   16.186162] [[0;32m  OK  [0m] Listening on D-Bus System Message Bus Socket.
cloud-init[943]: ci-info: | enp0s3 |  True |         10.0.2.15          | 255.255.255.0 | global | 02:a9:46:80:4d:77 |
[   16.229350] [cloud-init[0;32m  OK  [0m[943]: ] ci-info: | enp0s3 |  True | fe80::a9:46ff:fe80:4d77/64 |       .       |  link  | 02:a9:46:80:4d:77 |Started ACPI Events Check.

[   16.229883] [[0;32m  OK  [0m] Reached target Paths.
cloud-init[[0;32m  OK  [0m] Started Daily Cleanup of Temporary Directories.
[943]: [[0;32m  OK  [0m] Listening on ACPID Listen Socket.
ci-info: | enp0s8 | False |             .              |       .       |   .    | 08:00:27:ae:01:93 |
[   16.256880] [[0;32m  OK  [0m] Listening on UUID daemon activation socket.
cloud-init[[0;32m  OK  [0m] Started Daily apt download activities.
[943]: ci-info: |   lo   |  True |         127.0.0.1          |   255.0.0.0   |  host  |         .         |
[   16.294713] [cloud-init[0;32m  OK  [0m[943]: ] ci-info: |   lo   |  True |          ::1/128           |       .       |  host  |         .         |Started Daily apt upgrade and clean activities.

[   16.295331]          cloud-initStarting Socket activation for snappy daemon.[943]: 
ci-info: +--------+-------+----------------------------+---------------+--------+-------------------+
         Starting LXD - unix socket.
[   16.416084] [cloud-init[0;32m  OK  [0m[943]: ] ci-info: +++++++++++++++++++++++++++Route IPv4 info++++++++++++++++++++++++++++Reached target Timers.

[   16.417062] cloud-init[943]: ci-info: +-------+-------------+----------+---------------+-----------+-------+
[   16.453393] [[0;32m  OK  [0m] Listening on Socket activation for snappy daemon.
cloud-init[943]: [[0;32m  OK  [0m] Listening on LXD - unix socket.
ci-info: | Route | Destination | Gateway  |    Genmask    | Interface | Flags |
[   16.469161] [[0;32m  OK  [0m] Started iSCSI initiator daemon (iscsid).
cloud-init[943]: ci-info: +-------+-------------+----------+---------------+-----------+-------+
[   16.501154]          Starting Login to default iSCSI targets...
cloud-init[[0;32m  OK  [0m] Reached target Sockets.
[943]: ci-info: |   0   |   0.0.0.0   | 10.0.2.2 |    0.0.0.0    |   enp0s3  |   UG  |
[   16.526296] [[0;32m  OK  [0m] Reached target Basic System.
cloud-init[943]: ci-info: |   1   |   10.0.2.0  | 0.0.0.0  | 255.255.255.0 |   enp0s3  |   U   |
[   16.539343] cloud-init         Starting Virtualbox guest utils...
[943]: ci-info: +-------+-------------+----------+---------------+-----------+-------+
[   16.588518] [[0;32m  OK  [0m] Started ACPI event daemon.
cloud-init[943]: ci-info: +++++++++++++++++++Route IPv6 info+++++++++++++++++++
[   16.593294] cloud-init[943]: ci-info: +-------+-------------+---------+-----------+-------+
[   16.609965]          cloud-initStarting Login Service...[943]: 
ci-info: | Route | Destination | Gateway | Interface | Flags |
[   16.630122]          Starting LSB: Record successful boot for GRUB...
cloud-init[943]: ci-info: +-------+-------------+---------+-----------+-------+
[   16.637567] cloud-init[943]: ci-info: |   0   |  fe80::/64  |    ::   |   enp0s3  |   U   |
         Starting LSB: MD monitoring daemon...
[   16.657298] cloud-init[943]: ci-info: |   3   |   ff00::/8  |    ::   |   enp0s3  |   U   |
[   16.692632] [cloud-init[0;32m  OK  [0m[943]: ] ci-info: +-------+-------------+---------+-----------+-------+Started Regular background program processing daemon.

[   16.693186] cloud-init[943]: Generating public/private rsa key pair.
[   16.738959] cloud-init[943]: Your identification has been saved in /etc/ssh/ssh_host_rsa_key.
[   16.742393] cloud-init[943]: Your public key has been saved in /etc/ssh/ssh_host_rsa_key.pub.
[   16.744699] cloud-init[943]: The key fingerprint is:
[   16.746705] cloud-init[943]: SHA256:z9Snfz0RbNkRaGTlL2evSbQH78eEw6paxhYQlA5je/Q root@ubuntu-xenial
[   16.750646] cloud-init[943]: The key's randomart image is:
[   16.781639] [cloud-init[0;32m  OK  [0m[943]: ] +---[RSA 2048]----+Started FUSE filesystem for LXC.

[   16.782275] cloud-init[943]: |       .o.  .ooo.|
[   16.800245] cloud-init[943]: |      + o.  .o.. |
[   16.801990] cloud-init[943]: |     . *..  . ..+|
[   16.805293] cloud-init[943]: |      . o.E.   =o|
[   16.810127] cloud-init[943]: |       .S o ..*.=|
[   16.813386]          Starting System Logging Service...
cloud-init[943]: |         = . ++Oo|
[   16.848238]          cloud-initStarting /etc/rc.local Compatibility...[943]: 
|          B ..o+*|
[[0;32m  OK  [0m] Started D-Bus System Message Bus.
[   16.878760] cloud-init[943]: |         +  .o *=|
[   16.900229] [[0;32m  OK  [0m] Started Unattended Upgrades Shutdown.
cloud-init[943]: |        ....  +.+|
[   16.904062] cloud-init[943]: +----[SHA256]-----+
[   16.905652] cloud-init[943]: Generating public/private dsa key pair.
[   16.907527] cloud-init[943]: Your identification has been saved in /etc/ssh/ssh_host_dsa_key.
[   16.909750] cloud-init[943]: Your public key has been saved in /etc/ssh/ssh_host_dsa_key.pub.
         Starting Accounts Service...
[   16.914407] [cloud-init[0;32m  OK  [0m[943]: ] The key fingerprint is:Started Deferred execution scheduler.

[   16.972318]          Starting Pollinate to seed the pseudo random number generator...
cloud-init[943]: SHA256:TZqJLDGKTTvD9BjXyr4GxuFJ5F6H1Yf5atLRaItgFU4 root@ubuntu-xenial
[   16.987658] cloud-init[943]: The key's randomart image is:
[   17.016431]          cloud-initStarting LXD - container startup/shutdown...[943]: 
+---[DSA 1024]----+
[   17.036794]          cloud-initStarting Snappy daemon...[943]: 
|      Eo o       |
[[0;32m  OK  [0m] Started System Logging Service.
[   17.063598] [[0;32m  OK  [0m] Started /etc/rc.local Compatibility.
cloud-init[943]: |  .  +o + .      |
[   17.090863] cloud-init[943]: | o+ ++o  =.      |
[   17.108816] cloud-init[943]: | *+O==..+*o      |
[   17.126463] [[0;32m  OK  [0m] Started Login to default iSCSI targets.
cloud-init[943]: |.=O==oo+S+.      |
[   17.141595] [[0;32m  OK  [0m] Started LSB: Record successful boot for GRUB.
cloud-init[943]: |  B+ .o =        |
[   17.184741] [[0;32m  OK  [0m] Started LSB: MD monitoring daemon.
cloud-init[943]: | . ..  o         |
[   17.208726] [cloud-init[0;32m  OK  [0m[943]: ] |    ..           |Started LXD - container startup/shutdown.

[[0;32m  OK  [0m] Started Virtualbox guest utils.
[   17.209469] cloud-init[943]: |   ..            |
[   17.304814] [[0;32m  OK  [0m] Started Pollinate to seed the pseudo random number generator.
cloud-init[943]: +----[SHA256]-----+
[   17.332114] [[0;32m  OK  [0m] Started Snappy daemon.
cloud-init[943]: Generating public/private ecdsa key pair.
[   17.368313] [[0;32m  OK  [0m] Started Login Service.
cloud-init[943]: Your identification has been saved in /etc/ssh/ssh_host_ecdsa_key.
[   17.379980] cloud-init[943]: Your public key has been saved in /etc/ssh/ssh_host_ecdsa_key.pub.         
Starting Authenticate and Authorize Users to Run Privileged Tasks...
[   17.381918] cloud-init[943]: The key fingerprint is:
[   17.452645] cloud-init[943]: SHA256:6Qgq84PkzwuiAVvELfVpV9xhAm87q5SdvApvMiwuZu0 root@ubuntu-xenial
[   17.458887] cloud-init[943]: The key's randomart image is:
         Starting Wait until snapd is fully seeded...
[   17.460388] cloud-init[943]: +---[ECDSA 256]---+         Starting OpenBSD Secure Shell server...

[[0;32m  OK  [0m] Reached target Remote File Systems (Pre).
[   17.490079] [[0;32m  OK  [0m] Reached target Remote File Systems.
cloud-init[943]: |    .   .oo.o.   |
[   17.498847] cloud-init[943]: | . o . . o.o.    |
[   17.500700] cloud-init[943]: |  + . + . o      |
[   17.503114] cloud-init[943]: | . . . . o .     |
[   17.506304] cloud-init[943]: |. . .   S o      |
[   17.508377] cloud-init[943]: |.+ . . o + +     |
[   17.510891] cloud-init[943]: |Oo.. .o + =      |
         Starting LSB: daemon to balance interrupts for SMP systems...
[   17.514134] cloud-init[943]:          Starting LSB: automatic crash report generation...
|+*B o ++.. .     |
[   17.543481]          Starting LSB: Set the CPU Frequency Scaling governor to "ondemand"...
cloud-init         Starting Permit User Sessions...
[943]: |.ooOE. ++..      |
[   17.566501] [[0;32m  OK  [0m] Started Authenticate and Authorize Users to Run Privileged Tasks.
cloud-init[[0;32m  OK  [0m] Started OpenBSD Secure Shell server.
[943]: +----[SHA256]-----+
[   17.593630] [[0;32m  OK  [0m] Started Permit User Sessions.
cloud-init[943]: Generating public/private ed25519 key pair.
[[0;32m  OK  [0m] Started Accounts Service.
[   17.630546] cloud-init[943]: Your identification has been saved in /etc/ssh/ssh_host_ed25519_key.
[   17.654701] cloud-init[943]: Your public key has been saved in /etc/ssh/ssh_host_ed25519_key.pub.
[   17.670817] cloud-init[943]: The key fingerprint is:
[[   17.671358] cloud-init[943]: SHA256:Fl6qz8y3yhDFI6IlWJxS2lgAm6bl7WaS4QANNUMB13E root@ubuntu-xenial
[0;32m  OK  [0m] Started LSB: daemon to balance interrupts for SMP systems.
[   17.672075] cloud-init[943]: The key's randomart image is:
[   17.765011] cloud-init[943]: +--[ED25519 256]--+
[   17.779726] cloud-init[943]: |*B@+..E          |
[[0;32m  OK  [0m[   17.780343] cloud-init[943]: |.&oo.. .         |
] [   17.782062] cloud-init[943]: |Bo= o . = .      |
Started LSB: Set the CPU Frequency Scaling governor to "ondemand".[   17.783394] cloud-init[943]: |+o = . + =       |

[   17.783577] cloud-init[943]: |o + . . S        |
[   17.836360] cloud-init[943]: | o +   +         |
[   17.857266] cloud-init[943]: |  + + o          |
[   17.885012] cloud-init[943]: |   +   B  .      |
         [   17.885511] cloud-init[943]: |        Bo..     |
Starting Terminate Plymouth Boot Screen...
[   17.887023] cloud-init[943]: +----[SHA256]-----+
         Starting Hold until boot process finishes up...
[[0;32m  OK  [0m] Started LSB: automatic crash report generation.
[[0;32m  OK  [0m] Started Terminate Plymouth Boot Screen.
[[0;32m  OK  [0m] Started Hold until boot process finishes up.
         Starting Set console scheme...
[[0;32m  OK  [0m] Started Getty on tty1.
[[0;32m  OK  [0m] Started Serial Getty on ttyS0.
[[0;32m  OK  [0m] Reached target Login Prompts.
[[0;32m  OK  [0m] Started Set console scheme.
[[0;32m  OK  [0m] Started Wait until snapd is fully seeded.
[[0;32m  OK  [0m] Reached target Multi-User System.
[[0;32m  OK  [0m] Reached target Graphical Interface.
         Starting Update UTMP about System Runlevel Changes...
         Starting Apply the settings specified in cloud-config...
[[0;32m  OK  [0m] Started Update UTMP about System Runlevel Changes.
[   18.972245] cloud-init[1271]: Generating locales (this might take a while)...
[   19.906779] cloud-init[1271]:   en_US.UTF-8... done
[   19.908473] cloud-init[1271]: Generation complete.
[   20.239126] cloud-init[1271]: Cloud-init v. 18.4-0ubuntu1~16.04.2 running 'modules:config' at Fri, 15 Mar 2019 15:19:33 +0000. Up 18.86 seconds.
[[0;32m  OK  [0m] Started Apply the settings specified in cloud-config.
         Starting Execute cloud user/final scripts...
ci-info: no authorized ssh keys fingerprints found for user ubuntu.
<14>Mar 15 15:19:35 ec2: 
<14>Mar 15 15:19:35 ec2: #############################################################
<14>Mar 15 15:19:35 ec2: -----BEGIN SSH HOST KEY FINGERPRINTS-----
<14>Mar 15 15:19:35 ec2: 1024 SHA256:TZqJLDGKTTvD9BjXyr4GxuFJ5F6H1Yf5atLRaItgFU4 root@ubuntu-xenial (DSA)
<14>Mar 15 15:19:35 ec2: 256 SHA256:6Qgq84PkzwuiAVvELfVpV9xhAm87q5SdvApvMiwuZu0 root@ubuntu-xenial (ECDSA)
<14>Mar 15 15:19:35 ec2: 256 SHA256:Fl6qz8y3yhDFI6IlWJxS2lgAm6bl7WaS4QANNUMB13E root@ubuntu-xenial (ED25519)
<14>Mar 15 15:19:35 ec2: 2048 SHA256:z9Snfz0RbNkRaGTlL2evSbQH78eEw6paxhYQlA5je/Q root@ubuntu-xenial (RSA)
<14>Mar 15 15:19:35 ec2: -----END SSH HOST KEY FINGERPRINTS-----
<14>Mar 15 15:19:35 ec2: #############################################################
-----BEGIN SSH HOST KEY KEYS-----
ecdsa-sha2-nistp256 AAAAE2VjZHNhLXNoYTItbmlzdHAyNTYAAAAIbmlzdHAyNTYAAABBBDn29QRH2eY9th2CSyTIogeaSJMTHWDM2OcIkxVKkCbdpImcTB/yb4ZCtwe2AMb0HLBJGg1wRYBkXkCTf0XCW1I= root@ubuntu-xenial
ssh-ed25519 AAAAC3NzaC1lZDI1NTE5AAAAILU1P5axpsN/o2MNzmnBFzvmz7UzxbvcZLEE8CThkgOQ root@ubuntu-xenial
ssh-rsa AAAAB3NzaC1yc2EAAAADAQABAAABAQCzWm2XQROLHfsmkpzhauQG9U2tk8wfG28lei3Wxot2Lbt3ys4ds6wPxKtBCQbOYN3FCTtc6bNGqgMZXZUzM0yFxJuGSz8us+gOCKMf0KkwjwT7FrbBnx3XdKNWEuS+qx3PM3txEqNUjwnw+r5iqz9AQLaHlfkSGjytnSkB49vzdWRWW3W+oNi+7KUEmrmInW1AxeLAPRn4rN8uVi+eDBK8fM1eXBHV6xCesdEj5RN1q3E5ptWMtmBD7Yis5UPC+iRj4mwrijuQy7pafn57SMOuSwk5rAR4GdSM4p1jxVWtBM2ykHDXcgYgWvKDJNXjwz6YREzLue1R0sskWHyXtcMP root@ubuntu-xenial
-----END SSH HOST KEY KEYS-----
[   20.999873] cloud-init[1311]: Cloud-init v. 18.4-0ubuntu1~16.04.2 running 'modules:final' at Fri, 15 Mar 2019 15:19:35 +0000. Up 20.67 seconds.
[   21.046938] cloud-init[1311]: ci-info: no authorized ssh keys fingerprints found for user ubuntu.
[   21.061519] cloud-init[1311]: Cloud-init v. 18.4-0ubuntu1~16.04.2 finished at Fri, 15 Mar 2019 15:19:35 +0000. Datasource DataSourceNoCloud [seed=/dev/sdb][dsmode=net].  Up 20.99 seconds
[[0;32m  OK  [0m] Started Execute cloud user/final scripts.
[[0;32m  OK  [0m] Reached target Cloud-init target.

Ubuntu 16.04.5 LTS ubuntu-xenial ttyS0

ubuntu-xenial login: [  257.902402] Out of memory: Kill process 12375 (npm) score 555 or sacrifice child
[  257.903809] Killed process 12375 (npm) total-vm:1485028kB, anon-rss:284180kB, file-rss:0kB
                                                                                                                                                                                     [  201.172497] Out of memory: Kill process 12392 (npm) score 555 or sacrifice child
[  201.201565] Killed process 12392 (npm) total-vm:1481832kB, anon-rss:284508kB, file-rss:0kB
